0 info it worked if it ends with ok
1 verbose cli [ 'C:\\Program Files\\nodejs\\node.exe',
1 verbose cli   'C:\\Program Files\\nodejs\\node_modules\\npm\\bin\\npm-cli.js',
1 verbose cli   'start' ]
2 info using npm@1.4.14
3 info using node@v0.10.29
4 verbose run-script [ 'prestart', 'start', 'poststart' ]
5 info prestart angular-client-side-auth@0.0.1
6 info start angular-client-side-auth@0.0.1
7 verbose unsafe-perm in lifecycle true
8 info angular-client-side-auth@0.0.1 Failed to exec start script
9 error angular-client-side-auth@0.0.1 start: `grunt dev`
9 error Exit status 3
10 error Failed at the angular-client-side-auth@0.0.1 start script.
10 error This is most likely a problem with the angular-client-side-auth package,
10 error not with npm itself.
10 error Tell the author that this fails on your system:
10 error     grunt dev
10 error You can get their info via:
10 error     npm owner ls angular-client-side-auth
10 error There is likely additional logging output above.
11 error System Windows_NT 6.1.7601
12 error command "C:\\Program Files\\nodejs\\node.exe" "C:\\Program Files\\nodejs\\node_modules\\npm\\bin\\npm-cli.js" "start"
13 error cwd C:\Users\Agilex01\Projects\Project 6-Peer\mcpeer\angularDemo
14 error node -v v0.10.29
15 error npm -v 1.4.14
16 error code ELIFECYCLE
17 verbose exit [ 1, true ]
